31 files left unchanged
Found 1 error (1 fixed, 0 remaining).
============================= test session starts ==============================
platform darwin -- Python 3.14.3, pytest-9.0.2, pluggy-1.6.0
rootdir: /Users/toby/dev/projects/visions/backend
configfile: pyproject.toml
testpaths: tests
plugins: anyio-4.12.1, asyncio-1.3.0, cov-7.0.0
asyncio: mode=Mode.AUTO, debug=False, asyncio_default_fixture_loop_scope=None, asyncio_default_test_loop_scope=function
collected 105 items / 104 deselected / 1 selected

tests/test_Ex.py F                                                       [100%]

=================================== FAILURES ===================================
__________________________ test_sse_notification_flow __________________________

    async def listen():
        # This is our subscriber
>       async with client.stream("GET", f"/sse/{topic}") as response:
                   ^^^^^^^^^^^^^^^^^^^^^^^^^^^^^^^^^^^^^

tests/test_Ex.py:22: 
_ _ _ _ _ _ _ _ _ _ _ _ _ _ _ _ _ _ _ _ _ _ _ _ _ _ _ _ _ _ _ _ _ _ _ _ _ _ _ _ 
/Users/toby/.oh-my-zsh/custom/home/.config/uv/python/cpython-3.14.3-macos-aarch64-none/lib/python3.14/contextlib.py:214: in __aenter__
    return await anext(self.gen)
           ^^^^^^^^^^^^^^^^^^^^^
.venv/lib/python3.14/site-packages/httpx/_client.py:1583: in stream
    response = await self.send(
.venv/lib/python3.14/site-packages/httpx/_client.py:1629: in send
    response = await self._send_handling_auth(
.venv/lib/python3.14/site-packages/httpx/_client.py:1657: in _send_handling_auth
    response = await self._send_handling_redirects(
.venv/lib/python3.14/site-packages/httpx/_client.py:1694: in _send_handling_redirects
    response = await self._send_single_request(request)
               ^^^^^^^^^^^^^^^^^^^^^^^^^^^^^^^^^^^^^^^^
.venv/lib/python3.14/site-packages/httpx/_client.py:1730: in _send_single_request
    response = await transport.handle_async_request(request)
               ^^^^^^^^^^^^^^^^^^^^^^^^^^^^^^^^^^^^^^^^^^^^^
.venv/lib/python3.14/site-packages/httpx/_transports/asgi.py:170: in handle_async_request
    await self.app(scope, receive, send)
.venv/lib/python3.14/site-packages/fastapi/applications.py:1160: in __call__
    await super().__call__(scope, receive, send)
.venv/lib/python3.14/site-packages/starlette/applications.py:107: in __call__
    await self.middleware_stack(scope, receive, send)
.venv/lib/python3.14/site-packages/starlette/middleware/errors.py:164: in __call__
    await self.app(scope, receive, _send)
.venv/lib/python3.14/site-packages/starlette/middleware/exceptions.py:63: in __call__
    await wrap_app_handling_exceptions(self.app, conn)(scope, receive, send)
.venv/lib/python3.14/site-packages/starlette/_exception_handler.py:42: in wrapped_app
    await app(scope, receive, sender)
.venv/lib/python3.14/site-packages/fastapi/middleware/asyncexitstack.py:18: in __call__
    await self.app(scope, receive, send)
.venv/lib/python3.14/site-packages/starlette/routing.py:716: in __call__
    await self.middleware_stack(scope, receive, send)
.venv/lib/python3.14/site-packages/starlette/routing.py:736: in app
    await route.handle(scope, receive, send)
.venv/lib/python3.14/site-packages/starlette/routing.py:290: in handle
    await self.app(scope, receive, send)
.venv/lib/python3.14/site-packages/fastapi/routing.py:130: in app
    await wrap_app_handling_exceptions(app, request)(scope, receive, send)
.venv/lib/python3.14/site-packages/starlette/_exception_handler.py:42: in wrapped_app
    await app(scope, receive, sender)
.venv/lib/python3.14/site-packages/fastapi/routing.py:117: in app
    await response(scope, receive, send)
.venv/lib/python3.14/site-packages/starlette/responses.py:270: in __call__
    async with anyio.create_task_group() as task_group:
               ^^^^^^^^^^^^^^^^^^^^^^^^^
.venv/lib/python3.14/site-packages/anyio/_backends/_asyncio.py:787: in __aexit__
    raise exc_val
.venv/lib/python3.14/site-packages/starlette/responses.py:277: in __call__
    await wrap(partial(self.listen_for_disconnect, receive))
.venv/lib/python3.14/site-packages/starlette/responses.py:273: in wrap
    await func()
.venv/lib/python3.14/site-packages/starlette/responses.py:241: in listen_for_disconnect
    message = await receive()
              ^^^^^^^^^^^^^^^
.venv/lib/python3.14/site-packages/httpx/_transports/asgi.py:138: in receive
    await response_complete.wait()
_ _ _ _ _ _ _ _ _ _ _ _ _ _ _ _ _ _ _ _ _ _ _ _ _ _ _ _ _ _ _ _ _ _ _ _ _ _ _ _ 

self = <asyncio.locks.Event object at 0x1175e5940 [unset]>

    async def wait(self):
        """Block until the internal flag is true.
    
        If the internal flag is true on entry, return True
        immediately.  Otherwise, block until another task calls
        set() to set the flag to true, then return True.
        """
        if self._value:
            return True
    
        fut = self._get_loop().create_future()
        self._waiters.append(fut)
        try:
>           await fut
E           asyncio.exceptions.CancelledError

/Users/toby/.oh-my-zsh/custom/home/.config/uv/python/cpython-3.14.3-macos-aarch64-none/lib/python3.14/asyncio/locks.py:213: CancelledError

The above exception was the direct cause of the following exception:

    @pytest.mark.asyncio
    async def test_sse_notification_flow():
        transport = ASGITransport(app=app)
        topic = "test-room"
        test_payload = {"data_1": "Hello SSE", "value": 42.5}
        results = {}
    
        # 1. Use a single client for the whole flow
        async with AsyncClient(transport=transport, base_url="http://test") as client:
    
            async def listen():
                # This is our subscriber
                async with client.stream("GET", f"/sse/{topic}") as response:
                    async for line in response.iter_lines():
                        if line.startswith("data:"):
                            results["received"] = json.loads(line.replace("data: ", ""))
                            return  # Exit as soon as we get our data
    
            async def publish():
                # Small delay to ensure the listener is connected to the MemoryEventService
                await asyncio.sleep(0.2)
                resp = await client.post(f"/send_data/{topic}", json=test_payload)
                results["posted"] = resp.json()
    
            # 2. Run both concurrently
            try:
>               await asyncio.wait_for(asyncio.gather(listen(), publish()), timeout=3.0)

tests/test_Ex.py:36: 
_ _ _ _ _ _ _ _ _ _ _ _ _ _ _ _ _ _ _ _ _ _ _ _ _ _ _ _ _ _ _ _ _ _ _ _ _ _ _ _ 
/Users/toby/.oh-my-zsh/custom/home/.config/uv/python/cpython-3.14.3-macos-aarch64-none/lib/python3.14/asyncio/tasks.py:487: in wait_for
    async with timeouts.timeout(timeout):
               ^^^^^^^^^^^^^^^^^^^^^^^^^
_ _ _ _ _ _ _ _ _ _ _ _ _ _ _ _ _ _ _ _ _ _ _ _ _ _ _ _ _ _ _ _ _ _ _ _ _ _ _ _ 

self = <Timeout [expired]>
exc_type = <class 'asyncio.exceptions.CancelledError'>
exc_val = CancelledError(), exc_tb = <traceback object at 0x117603780>

    async def __aexit__(
        self,
        exc_type: type[BaseException] | None,
        exc_val: BaseException | None,
        exc_tb: TracebackType | None,
    ) -> bool | None:
        assert self._state in (_State.ENTERED, _State.EXPIRING)
    
        if self._timeout_handler is not None:
            self._timeout_handler.cancel()
            self._timeout_handler = None
    
        if self._state is _State.EXPIRING:
            self._state = _State.EXPIRED
    
            if self._task.uncancel() <= self._cancelling and exc_type is not None:
                # Since there are no new cancel requests, we're
                # handling this.
                if issubclass(exc_type, exceptions.CancelledError):
>                   raise TimeoutError from exc_val
E                   TimeoutError

/Users/toby/.oh-my-zsh/custom/home/.config/uv/python/cpython-3.14.3-macos-aarch64-none/lib/python3.14/asyncio/timeouts.py:114: TimeoutError

During handling of the above exception, another exception occurred:

    @pytest.mark.asyncio
    async def test_sse_notification_flow():
        transport = ASGITransport(app=app)
        topic = "test-room"
        test_payload = {"data_1": "Hello SSE", "value": 42.5}
        results = {}
    
        # 1. Use a single client for the whole flow
        async with AsyncClient(transport=transport, base_url="http://test") as client:
    
            async def listen():
                # This is our subscriber
                async with client.stream("GET", f"/sse/{topic}") as response:
                    async for line in response.iter_lines():
                        if line.startswith("data:"):
                            results["received"] = json.loads(line.replace("data: ", ""))
                            return  # Exit as soon as we get our data
    
            async def publish():
                # Small delay to ensure the listener is connected to the MemoryEventService
                await asyncio.sleep(0.2)
                resp = await client.post(f"/send_data/{topic}", json=test_payload)
                results["posted"] = resp.json()
    
            # 2. Run both concurrently
            try:
                await asyncio.wait_for(asyncio.gather(listen(), publish()), timeout=3.0)
            except TimeoutError:
>               pytest.fail("The SSE test timed out! The subscriber never received the message.")
E               Failed: The SSE test timed out! The subscriber never received the message.

tests/test_Ex.py:38: Failed
=============================== warnings summary ===============================
.venv/lib/python3.14/site-packages/google/genai/types.py:43
  /Users/toby/dev/projects/visions/backend/.venv/lib/python3.14/site-packages/google/genai/types.py:43: DeprecationWarning: '_UnionGenericAlias' is deprecated and slated for removal in Python 3.17
    VersionedUnionType = Union[builtin_types.UnionType, _UnionGenericAlias]

-- Docs: https://docs.pytest.org/en/stable/how-to/capture-warnings.html
=========================== short test summary info ============================
FAILED tests/test_Ex.py::test_sse_notification_flow - Failed: The SSE test ti...
================= 1 failed, 104 deselected, 1 warning in 3.22s =================
